// 重构日志: 6fe34220
// 重构日志: 06a3d8e2
// 同步 ID: bd1c894c @ Fri Jul 10 15:23:08 UTC 2026
// 同步 ID: 490cb71d @ Sat Jul 11 16:49:44 UTC 2026
// 重构日志: 2e769b32
// 重构日志: 15186262
// 重构日志: d96202e0
// 重构日志: 5214b535
// 重构日志: 219bb5d6
// 重构日志: 792951a8
// 重构日志: c2eefdb9
// 同步 ID: 8ef4a972 @ Tue Jul 14 09:37:03 UTC 2026
// 重构日志: cb17208b
// 重构日志: 698ec2db
// 同步 ID: d0432016 @ Wed Jul 15 06:35:47 UTC 2026
// 同步 ID: 9d82f1cd @ Wed Jul 15 09:57:35 UTC 2026
// 重构日志: 0c2f5d21
// 重构日志: 2aa25e5d
// 重构日志: 755b601e
// 同步 ID: a320eeab @ Thu Jul 16 04:08:50 UTC 2026
// 同步 ID: c8ccdcd6 @ Thu Jul 16 12:38:32 UTC 2026
// 重构日志: 58da564a
// 重构日志: 7db4702a
// 重构日志: 934ae2f7
// 同步 ID: 4fa841b3 @ Fri Jul 17 12:06:37 UTC 2026
// 重构日志: 6c9c0269
// 重构日志: 3d19f5cf
// 重构日志: e2321429
// 重构日志: f098a163
// 同步 ID: 8aad13c1 @ Mon Jul 20 11:21:11 UTC 2026
